<?xml version="1.0" encoding="UTF-8"?>
<testng-results ignored="0" total="1" passed="1" failed="0" skipped="0">
  <reporter-output>
  </reporter-output>
  <suite started-at="2024-03-17T10:53:41 IST" name="Default suite" finished-at="2024-03-17T10:53:47 IST" duration-ms="6010">
    <groups>
    </groups>
    <test started-at="2024-03-17T10:53:41 IST" name="Default test" finished-at="2024-03-17T10:53:47 IST" duration-ms="6010">
      <class name="Test.MakemyTrip">
        <test-method is-config="true" signature="setUp()[pri:0, instance:Test.MakemyTrip@5e0e82ae]" started-at="2024-03-17T10:53:41 IST" name="setUp" finished-at="2024-03-17T10:53:46 IST" duration-ms="4398" status="PASS">
          <reporter-output>
          </reporter-output>
        </test-method> <!-- setUp -->
        <test-method signature="test()[pri:0, instance:Test.MakemyTrip@5e0e82ae]" started-at="2024-03-17T10:53:46 IST" name="test" finished-at="2024-03-17T10:53:47 IST" duration-ms="1470" status="PASS">
          <reporter-output>
          </reporter-output>
        </test-method> <!-- test -->
        <test-method is-config="true" signature="tearDown()[pri:0, instance:Test.MakemyTrip@5e0e82ae]" started-at="2024-03-17T10:53:47 IST" name="tearDown" finished-at="2024-03-17T10:53:47 IST" duration-ms="100" status="PASS">
          <reporter-output>
          </reporter-output>
        </test-method> <!-- tearDown -->
      </class> <!-- Test.MakemyTrip -->
    </test> <!-- Default test -->
  </suite> <!-- Default suite -->
</testng-results>
