<?xml version="1.0" encoding="UTF-8"?>
<testng-results ignored="0" total="1" passed="1" failed="0" skipped="0">
  <reporter-output>
  </reporter-output>
  <suite started-at="2024-03-16T16:44:35 IST" name="Suite" finished-at="2024-03-16T16:44:40 IST" duration-ms="4963">
    <groups>
    </groups>
    <test started-at="2024-03-16T16:44:35 IST" name="Test" finished-at="2024-03-16T16:44:40 IST" duration-ms="4963">
      <class name="Test.MakemyTrip">
        <test-method is-config="true" signature="setUp()[pri:0, instance:Test.MakemyTrip@5bda8e08]" started-at="2024-03-16T16:44:35 IST" name="setUp" finished-at="2024-03-16T16:44:38 IST" duration-ms="2899" status="PASS">
          <reporter-output>
          </reporter-output>
        </test-method> <!-- setUp -->
        <test-method signature="test()[pri:0, instance:Test.MakemyTrip@5bda8e08]" started-at="2024-03-16T16:44:38 IST" name="test" finished-at="2024-03-16T16:44:40 IST" duration-ms="1943" status="PASS">
          <reporter-output>
          </reporter-output>
        </test-method> <!-- test -->
        <test-method is-config="true" signature="tearDown()[pri:0, instance:Test.MakemyTrip@5bda8e08]" started-at="2024-03-16T16:44:40 IST" name="tearDown" finished-at="2024-03-16T16:44:40 IST" duration-ms="90" status="PASS">
          <reporter-output>
          </reporter-output>
        </test-method> <!-- tearDown -->
      </class> <!-- Test.MakemyTrip -->
    </test> <!-- Test -->
  </suite> <!-- Suite -->
</testng-results>
